<?xml version="1.0" encoding="UTF-8"?>
<!-- Generated by org.testng.reporters.JUnitReportReporter -->
<testsuite hostname="DESKTOP-5B235NN" failures="0" tests="2" name="runner.TestRunner" time="9.571" errors="0" timestamp="2024-03-29T04:02:47 EDT" skipped="0">
  <testcase classname="runner.TestRunner" name="runScenario" time="5.235"/>
  <testcase classname="runner.TestRunner" name="runScenario" time="4.336"/>
</testsuite> <!-- runner.TestRunner -->
